2019-12-20_22:54:09.406 [main] INFO  u.f.FootballDataRestApiApplication :50 - Starting FootballDataRestApiApplication on AnGo_PC with PID 4388 (P:\Java\SpringBoot\FootballDataRestAPI\target\classes started by AnGo in P:\Java\SpringBoot\FootballDataRestAPI)
2019-12-20_22:54:09.423 [main] INFO  u.f.FootballDataRestApiApplication :679 - The following profiles are active: dev
2019-12-20_22:54:10.286 [main] INFO  o.s.d.r.c.RepositoryConfigurationDelegate :126 - Bootstrapping Spring Data repositories in DEFAULT mode.
2019-12-20_22:54:10.376 [main] INFO  o.s.d.r.c.RepositoryConfigurationDelegate :182 - Finished Spring Data repository scanning in 83ms. Found 11 repository interfaces.
2019-12-20_22:54:10.775 [main] INFO  o.s.c.s.PostProcessorRegistrationDelegate$BeanPostProcessorChecker :330 - Bean 'dynamoDBConfiguration' of type [ua.footballdata.configuration.DynamoDBConfiguration$$EnhancerBySpringCGLIB$$e3ed5281] is not eligible for getting processed by all BeanPostProcessors (for example: not eligible for auto-proxying)
2019-12-20_22:54:10.792 [main] INFO  o.s.c.s.PostProcessorRegistrationDelegate$BeanPostProcessorChecker :330 - Bean 'amazonAWSCredentials' of type [com.amazonaws.auth.BasicAWSCredentials] is not eligible for getting processed by all BeanPostProcessors (for example: not eligible for auto-proxying)
2019-12-20_22:54:12.683 [main] INFO  u.f.c.DynamoDBConfiguration :85 - Table: areas
2019-12-20_22:54:12.685 [main] INFO  u.f.c.DynamoDBConfiguration :85 - Table: competitions
2019-12-20_22:54:12.685 [main] INFO  u.f.c.DynamoDBConfiguration :85 - Table: gamble_matches
2019-12-20_22:54:12.685 [main] INFO  u.f.c.DynamoDBConfiguration :85 - Table: gamble_rules
2019-12-20_22:54:12.685 [main] INFO  u.f.c.DynamoDBConfiguration :85 - Table: gambles
2019-12-20_22:54:12.685 [main] INFO  u.f.c.DynamoDBConfiguration :85 - Table: roles
2019-12-20_22:54:12.685 [main] INFO  u.f.c.DynamoDBConfiguration :85 - Table: seasons
2019-12-20_22:54:12.686 [main] INFO  u.f.c.DynamoDBConfiguration :85 - Table: teams
2019-12-20_22:54:12.686 [main] INFO  u.f.c.DynamoDBConfiguration :85 - Table: users
2019-12-20_22:54:12.715 [main] INFO  o.s.c.s.PostProcessorRegistrationDelegate$BeanPostProcessorChecker :330 - Bean 'amazonDynamoDB' of type [com.amazonaws.services.dynamodbv2.AmazonDynamoDBClient] is not eligible for getting processed by all BeanPostProcessors (for example: not eligible for auto-proxying)
2019-12-20_22:54:12.749 [main] INFO  o.s.c.s.PostProcessorRegistrationDelegate$BeanPostProcessorChecker :330 - Bean 'dynamoDBMapperConfig' of type [com.amazonaws.services.dynamodbv2.datamodeling.DynamoDBMapperConfig] is not eligible for getting processed by all BeanPostProcessors (for example: not eligible for auto-proxying)
2019-12-20_22:54:12.778 [main] INFO  o.s.c.s.PostProcessorRegistrationDelegate$BeanPostProcessorChecker :330 - Bean 'org.springframework.security.config.annotation.configuration.ObjectPostProcessorConfiguration' of type [org.springframework.security.config.annotation.configuration.ObjectPostProcessorConfiguration$$EnhancerBySpringCGLIB$$35735ad5] is not eligible for getting processed by all BeanPostProcessors (for example: not eligible for auto-proxying)
2019-12-20_22:54:12.784 [main] INFO  o.s.c.s.PostProcessorRegistrationDelegate$BeanPostProcessorChecker :330 - Bean 'objectPostProcessor' of type [org.springframework.security.config.annotation.configuration.AutowireBeanFactoryObjectPostProcessor] is not eligible for getting processed by all BeanPostProcessors (for example: not eligible for auto-proxying)
2019-12-20_22:54:12.786 [main] INFO  o.s.c.s.PostProcessorRegistrationDelegate$BeanPostProcessorChecker :330 - Bean 'org.springframework.security.access.expression.method.DefaultMethodSecurityExpressionHandler@6801b414' of type [org.springframework.security.access.expression.method.DefaultMethodSecurityExpressionHandler] is not eligible for getting processed by all BeanPostProcessors (for example: not eligible for auto-proxying)
2019-12-20_22:54:12.790 [main] INFO  o.s.c.s.PostProcessorRegistrationDelegate$BeanPostProcessorChecker :330 - Bean 'org.springframework.security.config.annotation.method.configuration.GlobalMethodSecurityConfiguration' of type [org.springframework.security.config.annotation.method.configuration.GlobalMethodSecurityConfiguration$$EnhancerBySpringCGLIB$$5a47fd87] is not eligible for getting processed by all BeanPostProcessors (for example: not eligible for auto-proxying)
2019-12-20_22:54:12.793 [main] INFO  o.s.c.s.PostProcessorRegistrationDelegate$BeanPostProcessorChecker :330 - Bean 'methodSecurityMetadataSource' of type [org.springframework.security.access.method.DelegatingMethodSecurityMetadataSource] is not eligible for getting processed by all BeanPostProcessors (for example: not eligible for auto-proxying)
2019-12-20_22:54:13.131 [main] INFO  o.s.b.w.e.tomcat.TomcatWebServer :90 - Tomcat initialized with port(s): 8088 (http)
2019-12-20_22:54:13.144 [main] INFO  o.a.coyote.http11.Http11NioProtocol :173 - Initializing ProtocolHandler ["http-nio-8088"]
2019-12-20_22:54:13.154 [main] INFO  o.a.catalina.core.StandardService :173 - Starting service [Tomcat]
2019-12-20_22:54:13.154 [main] INFO  o.a.catalina.core.StandardEngine :173 - Starting Servlet engine: [Apache Tomcat/9.0.17]
2019-12-20_22:54:13.263 [main] INFO  o.a.c.c.C.[Tomcat].[localhost].[/] :173 - Initializing Spring embedded WebApplicationContext
2019-12-20_22:54:13.264 [main] INFO  o.s.web.context.ContextLoader :296 - Root WebApplicationContext: initialization completed in 3793 ms
2019-12-20_22:54:13.495 [main] INFO  o.s.s.d.d.r.s.DynamoDBRepositoryFactory :58 - Spring Data DynamoDB Version: 5.1.0 (2.1)
2019-12-20_22:54:13.495 [main] INFO  o.s.s.d.d.r.s.DynamoDBRepositoryFactory :59 - Spring Data Version:          2.1.6.RELEASE
2019-12-20_22:54:13.495 [main] INFO  o.s.s.d.d.r.s.DynamoDBRepositoryFactory :60 - AWS SDK Version:              1.11.610
2019-12-20_22:54:13.496 [main] INFO  o.s.s.d.d.r.s.DynamoDBRepositoryFactory :61 - Java Version:                 1.8.0_121 - Java HotSpot(TM) 64-Bit Server VM 25.121-b13
2019-12-20_22:54:13.496 [main] INFO  o.s.s.d.d.r.s.DynamoDBRepositoryFactory :63 - Platform Details:             Windows 10 10.0
2019-12-20_22:54:13.662 [main] INFO  u.f.restservice.AreaRestServiceImpl :27 - Token: fe8f1920b855444fb9bbca24f9a1f03d
2019-12-20_22:54:13.663 [main] INFO  u.f.restservice.AreaRestServiceImpl :28 - Headers: <request,[Accept:"application/json", X-Auth-Token:"fe8f1920b855444fb9bbca24f9a1f03d"]>
2019-12-20_22:54:13.741 [main] INFO  u.f.r.CompetitionRestServiceImpl :30 - Token: fe8f1920b855444fb9bbca24f9a1f03d
2019-12-20_22:54:13.742 [main] INFO  u.f.r.CompetitionRestServiceImpl :31 - Headers: <request,[Accept:"application/json", X-Auth-Token:"fe8f1920b855444fb9bbca24f9a1f03d"]>
2019-12-20_22:54:13.746 [main] INFO  u.f.restservice.TeamRestServiceImpl :27 - Token: fe8f1920b855444fb9bbca24f9a1f03d
2019-12-20_22:54:13.746 [main] INFO  u.f.restservice.TeamRestServiceImpl :28 - Headers: <request,[Accept:"application/json", X-Auth-Token:"fe8f1920b855444fb9bbca24f9a1f03d"]>
2019-12-20_22:54:13.750 [main] INFO  u.f.r.CompetitionTeamsRestServiceImpl :26 - Token: fe8f1920b855444fb9bbca24f9a1f03d
2019-12-20_22:54:13.750 [main] INFO  u.f.r.CompetitionTeamsRestServiceImpl :27 - Headers: <request,[Accept:"application/json", X-Auth-Token:"fe8f1920b855444fb9bbca24f9a1f03d"]>
2019-12-20_22:54:13.755 [main] INFO  u.f.r.CompetitionMatchesRestServiceImpl :26 - Token: fe8f1920b855444fb9bbca24f9a1f03d
2019-12-20_22:54:13.755 [main] INFO  u.f.r.CompetitionMatchesRestServiceImpl :27 - Headers: <request,[Accept:"application/json", X-Auth-Token:"fe8f1920b855444fb9bbca24f9a1f03d"]>
2019-12-20_22:54:14.175 [main] INFO  s.d.s.w.PropertySourcedRequestMappingHandlerMapping :69 - Mapped URL path [/v2/api-docs] onto method [public org.springframework.http.ResponseEntity<springfox.documentation.spring.web.json.Json> springfox.documentation.swagger2.web.Swagger2Controller.getDocumentation(java.lang.String,javax.servlet.http.HttpServletRequest)]
2019-12-20_22:54:14.296 [main] INFO  o.s.s.web.DefaultSecurityFilterChain :43 - Creating filter chain: Ant [pattern='/**', OPTIONS], []
2019-12-20_22:54:14.296 [main] INFO  o.s.s.web.DefaultSecurityFilterChain :43 - Creating filter chain: Ant [pattern='/api/**', OPTIONS], []
2019-12-20_22:54:14.328 [main] INFO  o.s.s.web.DefaultSecurityFilterChain :43 - Creating filter chain: any request, [org.springframework.security.web.context.request.async.WebAsyncManagerIntegrationFilter@29bbc63c, org.springframework.security.web.context.SecurityContextPersistenceFilter@75e80a97, org.springframework.security.web.header.HeaderWriterFilter@4def7d36, org.springframework.security.web.authentication.logout.LogoutFilter@3bbf1c0d, org.springframework.security.web.authentication.www.BasicAuthenticationFilter@6c4ce583, org.springframework.security.web.savedrequest.RequestCacheAwareFilter@1b8aaeab, org.springframework.security.web.servletapi.SecurityContextHolderAwareRequestFilter@1df9186f, org.springframework.security.web.authentication.AnonymousAuthenticationFilter@272778ae, org.springframework.security.web.session.SessionManagementFilter@4fea840f, org.springframework.security.web.access.ExceptionTranslationFilter@530ee28b, org.springframework.security.web.access.intercept.FilterSecurityInterceptor@4cc12db2]
2019-12-20_22:54:14.472 [main] INFO  o.s.s.c.ThreadPoolTaskExecutor :171 - Initializing ExecutorService 'applicationTaskExecutor'
2019-12-20_22:54:14.634 [main] INFO  s.d.s.w.p.DocumentationPluginsBootstrapper :160 - Context refreshed
2019-12-20_22:54:14.650 [main] INFO  s.d.s.w.p.DocumentationPluginsBootstrapper :163 - Found 1 custom documentation plugin(s)
2019-12-20_22:54:14.671 [main] INFO  s.d.s.w.s.ApiListingReferenceScanner :41 - Scanning for api listing references
2019-12-20_22:54:14.789 [main] INFO  s.d.s.w.r.o.CachingOperationNameGenerator :40 - Generating unique operation named: listAllAreasUsingGET_1
2019-12-20_22:54:14.792 [main] INFO  s.d.s.w.r.o.CachingOperationNameGenerator :40 - Generating unique operation named: updateAreasFromAPIUsingGET_1
2019-12-20_22:54:14.850 [main] INFO  s.d.s.w.r.o.CachingOperationNameGenerator :40 - Generating unique operation named: listAllCompetitionsUsingGET_1
2019-12-20_22:54:14.860 [main] INFO  s.d.s.w.r.o.CachingOperationNameGenerator :40 - Generating unique operation named: getAreaUsingGET_1
2019-12-20_22:54:14.861 [main] INFO  s.d.s.w.r.o.CachingOperationNameGenerator :40 - Generating unique operation named: getCompetitionUsingGET_1
2019-12-20_22:54:14.886 [main] INFO  s.d.s.w.r.o.CachingOperationNameGenerator :40 - Generating unique operation named: listAllGambleCompetitionsUsingGET_1
2019-12-20_22:54:14.897 [main] INFO  s.d.s.w.r.o.CachingOperationNameGenerator :40 - Generating unique operation named: createUserUsingPOST_1
2019-12-20_22:54:14.898 [main] INFO  s.d.s.w.r.o.CachingOperationNameGenerator :40 - Generating unique operation named: deleteUsingDELETE_1
2019-12-20_22:54:14.909 [main] INFO  s.d.s.w.r.o.CachingOperationNameGenerator :40 - Generating unique operation named: listAllActiveGamblesUsingGET_1
2019-12-20_22:54:14.913 [main] INFO  s.d.s.w.r.o.CachingOperationNameGenerator :40 - Generating unique operation named: listAllGamblesUsingGET_1
2019-12-20_22:54:14.915 [main] INFO  s.d.s.w.r.o.CachingOperationNameGenerator :40 - Generating unique operation named: updateUsingPUT_1
2019-12-20_22:54:14.918 [main] INFO  s.d.s.w.r.o.CachingOperationNameGenerator :40 - Generating unique operation named: deleteUsingDELETE_2
2019-12-20_22:54:14.944 [main] INFO  s.d.s.w.r.o.CachingOperationNameGenerator :40 - Generating unique operation named: listAllGambleRulesUsingGET_1
2019-12-20_22:54:14.948 [main] INFO  s.d.s.w.r.o.CachingOperationNameGenerator :40 - Generating unique operation named: listAllGambleUsersUsingGET_1
2019-12-20_22:54:14.951 [main] INFO  s.d.s.w.r.o.CachingOperationNameGenerator :40 - Generating unique operation named: listAllSeasonsUsingGET_1
2019-12-20_22:54:14.952 [main] INFO  s.d.s.w.r.o.CachingOperationNameGenerator :40 - Generating unique operation named: getTeamUsingGET_1
2019-12-20_22:54:14.955 [main] INFO  s.d.s.w.r.o.CachingOperationNameGenerator :40 - Generating unique operation named: listAllTeamsUsingGET_1
2019-12-20_22:54:14.957 [main] INFO  s.d.s.w.r.o.CachingOperationNameGenerator :40 - Generating unique operation named: listAllUsersUsingGET_1
2019-12-20_22:54:14.958 [main] INFO  s.d.s.w.r.o.CachingOperationNameGenerator :40 - Generating unique operation named: listAllUsersUsingGET_2
2019-12-20_22:54:14.962 [main] INFO  s.d.s.w.r.o.CachingOperationNameGenerator :40 - Generating unique operation named: createUserUsingPOST_2
2019-12-20_22:54:14.967 [main] INFO  s.d.s.w.r.o.CachingOperationNameGenerator :40 - Generating unique operation named: listAllUsersUsingGET_3
2019-12-20_22:54:14.968 [main] INFO  s.d.s.w.r.o.CachingOperationNameGenerator :40 - Generating unique operation named: listAllUsersUsingGET_4
2019-12-20_22:54:14.984 [main] INFO  o.s.s.d.d.r.u.Entity2DynamoDBTableSynchronizer :100 - Checking repository classes with DynamoDB tables users, areas, competitions, seasons, teams, matches, gambles, gamble_matches, gamble_rules, roles, competitions_seasons for ContextRefreshedEvent
2019-12-20_22:54:14.986 [main] INFO  o.a.coyote.http11.Http11NioProtocol :173 - Starting ProtocolHandler ["http-nio-8088"]
2019-12-20_22:54:15.008 [main] INFO  o.s.b.w.e.tomcat.TomcatWebServer :204 - Tomcat started on port(s): 8088 (http) with context path ''
2019-12-20_22:54:15.010 [main] INFO  u.f.FootballDataRestApiApplication :59 - Started FootballDataRestApiApplication in 6.285 seconds (JVM running for 7.24)
2019-12-20_22:54:36.141 [http-nio-8088-exec-1] INFO  o.a.c.c.C.[Tomcat].[localhost].[/] :173 - Initializing Spring DispatcherServlet 'dispatcherServlet'
2019-12-20_22:54:36.141 [http-nio-8088-exec-1] INFO  o.s.web.servlet.DispatcherServlet :524 - Initializing Servlet 'dispatcherServlet'
2019-12-20_22:54:36.149 [http-nio-8088-exec-1] INFO  o.s.web.servlet.DispatcherServlet :546 - Completed initialization in 7 ms
2019-12-20_22:55:14.636 [http-nio-8088-exec-4] INFO  u.f.c.FootballDataRestAPIController :46 - Get all competitions
2019-12-20_22:55:14.637 [http-nio-8088-exec-4] INFO  u.f.c.FootballDataRestAPIController :47 - Token: fe8f1920b855444fb9bbca24f9a1f03d
2019-12-20_22:55:14.637 [http-nio-8088-exec-4] INFO  u.f.s.CompetitionAppServiceImp :57 - All competitions
2019-12-20_22:55:16.562 [http-nio-8088-exec-4] INFO  u.f.r.CompetitionRestServiceImpl :64 - Get respEntity is null: false
2019-12-20_22:55:16.563 [http-nio-8088-exec-4] INFO  u.f.serviceAPI.AreaAppServiceImp :28 - initByHeaders
2019-12-20_22:55:16.563 [http-nio-8088-exec-4] INFO  u.f.serviceAPI.AreaAppServiceImp :40 - headerName: X-RequestCounter-Reset
2019-12-20_22:55:16.563 [http-nio-8088-exec-4] INFO  u.f.serviceAPI.AreaAppServiceImp :40 - headerName: X-Requests-Available-Minute
2019-12-20_22:55:16.564 [http-nio-8088-exec-4] INFO  u.f.serviceAPI.AreaAppServiceImp :35 - 	inited secondsToReset: 60
2019-12-20_22:55:16.564 [http-nio-8088-exec-4] INFO  u.f.serviceAPI.AreaAppServiceImp :36 - 	inited requestsAvailableInMinute: 9
2019-12-20_23:14:36.917 [main] INFO  u.f.FootballDataRestApiApplication :50 - Starting FootballDataRestApiApplication on AnGo_PC with PID 1240 (P:\Java\SpringBoot\FootballDataRestAPI\target\classes started by AnGo in P:\Java\SpringBoot\FootballDataRestAPI)
2019-12-20_23:14:36.920 [main] INFO  u.f.FootballDataRestApiApplication :679 - The following profiles are active: dev
2019-12-20_23:14:37.733 [main] INFO  o.s.d.r.c.RepositoryConfigurationDelegate :126 - Bootstrapping Spring Data repositories in DEFAULT mode.
2019-12-20_23:14:37.813 [main] INFO  o.s.d.r.c.RepositoryConfigurationDelegate :182 - Finished Spring Data repository scanning in 74ms. Found 11 repository interfaces.
2019-12-20_23:14:38.226 [main] INFO  o.s.c.s.PostProcessorRegistrationDelegate$BeanPostProcessorChecker :330 - Bean 'dynamoDBConfiguration' of type [ua.footballdata.configuration.DynamoDBConfiguration$$EnhancerBySpringCGLIB$$a7ea855a] is not eligible for getting processed by all BeanPostProcessors (for example: not eligible for auto-proxying)
2019-12-20_23:14:38.242 [main] INFO  o.s.c.s.PostProcessorRegistrationDelegate$BeanPostProcessorChecker :330 - Bean 'amazonAWSCredentials' of type [com.amazonaws.auth.BasicAWSCredentials] is not eligible for getting processed by all BeanPostProcessors (for example: not eligible for auto-proxying)
2019-12-20_23:14:39.454 [main] INFO  u.f.c.DynamoDBConfiguration :85 - Table: areas
2019-12-20_23:14:39.454 [main] INFO  u.f.c.DynamoDBConfiguration :85 - Table: competitions
2019-12-20_23:14:39.454 [main] INFO  u.f.c.DynamoDBConfiguration :85 - Table: gamble_matches
2019-12-20_23:14:39.455 [main] INFO  u.f.c.DynamoDBConfiguration :85 - Table: gamble_rules
2019-12-20_23:14:39.455 [main] INFO  u.f.c.DynamoDBConfiguration :85 - Table: gambles
2019-12-20_23:14:39.455 [main] INFO  u.f.c.DynamoDBConfiguration :85 - Table: roles
2019-12-20_23:14:39.455 [main] INFO  u.f.c.DynamoDBConfiguration :85 - Table: seasons
2019-12-20_23:14:39.455 [main] INFO  u.f.c.DynamoDBConfiguration :85 - Table: teams
2019-12-20_23:14:39.456 [main] INFO  u.f.c.DynamoDBConfiguration :85 - Table: users
2019-12-20_23:14:39.479 [main] INFO  o.s.c.s.PostProcessorRegistrationDelegate$BeanPostProcessorChecker :330 - Bean 'amazonDynamoDB' of type [com.amazonaws.services.dynamodbv2.AmazonDynamoDBClient] is not eligible for getting processed by all BeanPostProcessors (for example: not eligible for auto-proxying)
2019-12-20_23:14:39.512 [main] INFO  o.s.c.s.PostProcessorRegistrationDelegate$BeanPostProcessorChecker :330 - Bean 'dynamoDBMapperConfig' of type [com.amazonaws.services.dynamodbv2.datamodeling.DynamoDBMapperConfig] is not eligible for getting processed by all BeanPostProcessors (for example: not eligible for auto-proxying)
2019-12-20_23:14:39.543 [main] INFO  o.s.c.s.PostProcessorRegistrationDelegate$BeanPostProcessorChecker :330 - Bean 'org.springframework.security.config.annotation.configuration.ObjectPostProcessorConfiguration' of type [org.springframework.security.config.annotation.configuration.ObjectPostProcessorConfiguration$$EnhancerBySpringCGLIB$$f9708dae] is not eligible for getting processed by all BeanPostProcessors (for example: not eligible for auto-proxying)
2019-12-20_23:14:39.548 [main] INFO  o.s.c.s.PostProcessorRegistrationDelegate$BeanPostProcessorChecker :330 - Bean 'objectPostProcessor' of type [org.springframework.security.config.annotation.configuration.AutowireBeanFactoryObjectPostProcessor] is not eligible for getting processed by all BeanPostProcessors (for example: not eligible for auto-proxying)
2019-12-20_23:14:39.551 [main] INFO  o.s.c.s.PostProcessorRegistrationDelegate$BeanPostProcessorChecker :330 - Bean 'org.springframework.security.access.expression.method.DefaultMethodSecurityExpressionHandler@2f7efd0b' of type [org.springframework.security.access.expression.method.DefaultMethodSecurityExpressionHandler] is not eligible for getting processed by all BeanPostProcessors (for example: not eligible for auto-proxying)
2019-12-20_23:14:39.556 [main] INFO  o.s.c.s.PostProcessorRegistrationDelegate$BeanPostProcessorChecker :330 - Bean 'org.springframework.security.config.annotation.method.configuration.GlobalMethodSecurityConfiguration' of type [org.springframework.security.config.annotation.method.configuration.GlobalMethodSecurityConfiguration$$EnhancerBySpringCGLIB$$1e453060] is not eligible for getting processed by all BeanPostProcessors (for example: not eligible for auto-proxying)
2019-12-20_23:14:39.558 [main] INFO  o.s.c.s.PostProcessorRegistrationDelegate$BeanPostProcessorChecker :330 - Bean 'methodSecurityMetadataSource' of type [org.springframework.security.access.method.DelegatingMethodSecurityMetadataSource] is not eligible for getting processed by all BeanPostProcessors (for example: not eligible for auto-proxying)
2019-12-20_23:14:39.880 [main] INFO  o.s.b.w.e.tomcat.TomcatWebServer :90 - Tomcat initialized with port(s): 8088 (http)
2019-12-20_23:14:39.895 [main] INFO  o.a.coyote.http11.Http11NioProtocol :173 - Initializing ProtocolHandler ["http-nio-8088"]
2019-12-20_23:14:39.907 [main] INFO  o.a.catalina.core.StandardService :173 - Starting service [Tomcat]
2019-12-20_23:14:39.907 [main] INFO  o.a.catalina.core.StandardEngine :173 - Starting Servlet engine: [Apache Tomcat/9.0.17]
2019-12-20_23:14:40.029 [main] INFO  o.a.c.c.C.[Tomcat].[localhost].[/] :173 - Initializing Spring embedded WebApplicationContext
2019-12-20_23:14:40.029 [main] INFO  o.s.web.context.ContextLoader :296 - Root WebApplicationContext: initialization completed in 3064 ms
2019-12-20_23:14:40.240 [main] INFO  o.s.s.d.d.r.s.DynamoDBRepositoryFactory :58 - Spring Data DynamoDB Version: 5.1.0 (2.1)
2019-12-20_23:14:40.241 [main] INFO  o.s.s.d.d.r.s.DynamoDBRepositoryFactory :59 - Spring Data Version:          2.1.6.RELEASE
2019-12-20_23:14:40.241 [main] INFO  o.s.s.d.d.r.s.DynamoDBRepositoryFactory :60 - AWS SDK Version:              1.11.610
2019-12-20_23:14:40.251 [main] INFO  o.s.s.d.d.r.s.DynamoDBRepositoryFactory :61 - Java Version:                 1.8.0_121 - Java HotSpot(TM) 64-Bit Server VM 25.121-b13
2019-12-20_23:14:40.252 [main] INFO  o.s.s.d.d.r.s.DynamoDBRepositoryFactory :63 - Platform Details:             Windows 10 10.0
2019-12-20_23:14:40.448 [main] INFO  u.f.restservice.AreaRestServiceImpl :27 - Token: fe8f1920b855444fb9bbca24f9a1f03d
2019-12-20_23:14:40.450 [main] INFO  u.f.restservice.AreaRestServiceImpl :28 - Headers: <request,[Accept:"application/json", X-Auth-Token:"fe8f1920b855444fb9bbca24f9a1f03d"]>
2019-12-20_23:14:40.541 [main] INFO  u.f.r.CompetitionRestServiceImpl :30 - Token: fe8f1920b855444fb9bbca24f9a1f03d
2019-12-20_23:14:40.541 [main] INFO  u.f.r.CompetitionRestServiceImpl :31 - Headers: <request,[Accept:"application/json", X-Auth-Token:"fe8f1920b855444fb9bbca24f9a1f03d"]>
2019-12-20_23:14:40.546 [main] INFO  u.f.restservice.TeamRestServiceImpl :27 - Token: fe8f1920b855444fb9bbca24f9a1f03d
2019-12-20_23:14:40.546 [main] INFO  u.f.restservice.TeamRestServiceImpl :28 - Headers: <request,[Accept:"application/json", X-Auth-Token:"fe8f1920b855444fb9bbca24f9a1f03d"]>
2019-12-20_23:14:40.550 [main] INFO  u.f.r.CompetitionTeamsRestServiceImpl :26 - Token: fe8f1920b855444fb9bbca24f9a1f03d
2019-12-20_23:14:40.551 [main] INFO  u.f.r.CompetitionTeamsRestServiceImpl :27 - Headers: <request,[Accept:"application/json", X-Auth-Token:"fe8f1920b855444fb9bbca24f9a1f03d"]>
2019-12-20_23:14:40.555 [main] INFO  u.f.r.CompetitionMatchesRestServiceImpl :26 - Token: fe8f1920b855444fb9bbca24f9a1f03d
2019-12-20_23:14:40.556 [main] INFO  u.f.r.CompetitionMatchesRestServiceImpl :27 - Headers: <request,[Accept:"application/json", X-Auth-Token:"fe8f1920b855444fb9bbca24f9a1f03d"]>
2019-12-20_23:14:41.011 [main] INFO  s.d.s.w.PropertySourcedRequestMappingHandlerMapping :69 - Mapped URL path [/v2/api-docs] onto method [public org.springframework.http.ResponseEntity<springfox.documentation.spring.web.json.Json> springfox.documentation.swagger2.web.Swagger2Controller.getDocumentation(java.lang.String,javax.servlet.http.HttpServletRequest)]
2019-12-20_23:14:41.129 [main] INFO  o.s.s.web.DefaultSecurityFilterChain :43 - Creating filter chain: Ant [pattern='/**', OPTIONS], []
2019-12-20_23:14:41.129 [main] INFO  o.s.s.web.DefaultSecurityFilterChain :43 - Creating filter chain: Ant [pattern='/api/**', OPTIONS], []
2019-12-20_23:14:41.165 [main] INFO  o.s.s.web.DefaultSecurityFilterChain :43 - Creating filter chain: any request, [org.springframework.security.web.context.request.async.WebAsyncManagerIntegrationFilter@64279ab, org.springframework.security.web.context.SecurityContextPersistenceFilter@46468f0, org.springframework.security.web.header.HeaderWriterFilter@656842bc, org.springframework.security.web.authentication.logout.LogoutFilter@29d070c7, org.springframework.security.web.authentication.www.BasicAuthenticationFilter@2ee4706d, org.springframework.security.web.savedrequest.RequestCacheAwareFilter@34a6d9db, org.springframework.security.web.servletapi.SecurityContextHolderAwareRequestFilter@539c4830, org.springframework.security.web.authentication.AnonymousAuthenticationFilter@794240e2, org.springframework.security.web.session.SessionManagementFilter@143fefaf, org.springframework.security.web.access.ExceptionTranslationFilter@93bf0e0, org.springframework.security.web.access.intercept.FilterSecurityInterceptor@2d130ac4]
2019-12-20_23:14:41.322 [main] INFO  o.s.s.c.ThreadPoolTaskExecutor :171 - Initializing ExecutorService 'applicationTaskExecutor'
2019-12-20_23:14:41.474 [main] INFO  s.d.s.w.p.DocumentationPluginsBootstrapper :160 - Context refreshed
2019-12-20_23:14:41.492 [main] INFO  s.d.s.w.p.DocumentationPluginsBootstrapper :163 - Found 1 custom documentation plugin(s)
2019-12-20_23:14:41.514 [main] INFO  s.d.s.w.s.ApiListingReferenceScanner :41 - Scanning for api listing references
2019-12-20_23:14:41.658 [main] INFO  s.d.s.w.r.o.CachingOperationNameGenerator :40 - Generating unique operation named: listAllAreasUsingGET_1
2019-12-20_23:14:41.660 [main] INFO  s.d.s.w.r.o.CachingOperationNameGenerator :40 - Generating unique operation named: updateAreasFromAPIUsingGET_1
2019-12-20_23:14:41.709 [main] INFO  s.d.s.w.r.o.CachingOperationNameGenerator :40 - Generating unique operation named: listAllCompetitionsUsingGET_1
2019-12-20_23:14:41.717 [main] INFO  s.d.s.w.r.o.CachingOperationNameGenerator :40 - Generating unique operation named: getAreaUsingGET_1
2019-12-20_23:14:41.719 [main] INFO  s.d.s.w.r.o.CachingOperationNameGenerator :40 - Generating unique operation named: getCompetitionUsingGET_1
2019-12-20_23:14:41.744 [main] INFO  s.d.s.w.r.o.CachingOperationNameGenerator :40 - Generating unique operation named: listAllGambleCompetitionsUsingGET_1
2019-12-20_23:14:41.754 [main] INFO  s.d.s.w.r.o.CachingOperationNameGenerator :40 - Generating unique operation named: createUserUsingPOST_1
2019-12-20_23:14:41.755 [main] INFO  s.d.s.w.r.o.CachingOperationNameGenerator :40 - Generating unique operation named: deleteUsingDELETE_1
2019-12-20_23:14:41.765 [main] INFO  s.d.s.w.r.o.CachingOperationNameGenerator :40 - Generating unique operation named: listAllActiveGamblesUsingGET_1
2019-12-20_23:14:41.768 [main] INFO  s.d.s.w.r.o.CachingOperationNameGenerator :40 - Generating unique operation named: listAllGamblesUsingGET_1
2019-12-20_23:14:41.770 [main] INFO  s.d.s.w.r.o.CachingOperationNameGenerator :40 - Generating unique operation named: updateUsingPUT_1
2019-12-20_23:14:41.773 [main] INFO  s.d.s.w.r.o.CachingOperationNameGenerator :40 - Generating unique operation named: deleteUsingDELETE_2
2019-12-20_23:14:41.796 [main] INFO  s.d.s.w.r.o.CachingOperationNameGenerator :40 - Generating unique operation named: listAllGambleRulesUsingGET_1
2019-12-20_23:14:41.799 [main] INFO  s.d.s.w.r.o.CachingOperationNameGenerator :40 - Generating unique operation named: listAllGambleUsersUsingGET_1
2019-12-20_23:14:41.802 [main] INFO  s.d.s.w.r.o.CachingOperationNameGenerator :40 - Generating unique operation named: listAllSeasonsUsingGET_1
2019-12-20_23:14:41.804 [main] INFO  s.d.s.w.r.o.CachingOperationNameGenerator :40 - Generating unique operation named: getTeamUsingGET_1
2019-12-20_23:14:41.806 [main] INFO  s.d.s.w.r.o.CachingOperationNameGenerator :40 - Generating unique operation named: listAllTeamsUsingGET_1
2019-12-20_23:14:41.808 [main] INFO  s.d.s.w.r.o.CachingOperationNameGenerator :40 - Generating unique operation named: listAllUsersUsingGET_1
2019-12-20_23:14:41.808 [main] INFO  s.d.s.w.r.o.CachingOperationNameGenerator :40 - Generating unique operation named: listAllUsersUsingGET_2
2019-12-20_23:14:41.813 [main] INFO  s.d.s.w.r.o.CachingOperationNameGenerator :40 - Generating unique operation named: createUserUsingPOST_2
2019-12-20_23:14:41.817 [main] INFO  s.d.s.w.r.o.CachingOperationNameGenerator :40 - Generating unique operation named: listAllUsersUsingGET_3
2019-12-20_23:14:41.818 [main] INFO  s.d.s.w.r.o.CachingOperationNameGenerator :40 - Generating unique operation named: listAllUsersUsingGET_4
2019-12-20_23:14:41.835 [main] INFO  o.s.s.d.d.r.u.Entity2DynamoDBTableSynchronizer :100 - Checking repository classes with DynamoDB tables users, areas, competitions, seasons, teams, matches, gambles, gamble_matches, gamble_rules, roles, competitions_seasons for ContextRefreshedEvent
2019-12-20_23:14:41.837 [main] INFO  o.a.coyote.http11.Http11NioProtocol :173 - Starting ProtocolHandler ["http-nio-8088"]
2019-12-20_23:14:41.857 [main] INFO  o.s.b.w.e.tomcat.TomcatWebServer :204 - Tomcat started on port(s): 8088 (http) with context path ''
2019-12-20_23:14:41.859 [main] INFO  u.f.FootballDataRestApiApplication :59 - Started FootballDataRestApiApplication in 5.411 seconds (JVM running for 6.138)
2019-12-20_23:15:49.073 [http-nio-8088-exec-1] INFO  o.a.c.c.C.[Tomcat].[localhost].[/] :173 - Initializing Spring DispatcherServlet 'dispatcherServlet'
2019-12-20_23:15:49.073 [http-nio-8088-exec-1] INFO  o.s.web.servlet.DispatcherServlet :524 - Initializing Servlet 'dispatcherServlet'
2019-12-20_23:15:49.080 [http-nio-8088-exec-1] INFO  o.s.web.servlet.DispatcherServlet :546 - Completed initialization in 7 ms
